Dataset already downloaded!
Successfully computed the mean and std of the features!
/lustre/work/client/users/sbillingsley/.conda/envs/road-gnn-models/lib/python3.6/site-packages/torch_geometric/data/storage.py:264: UserWarning: Unable to accurately infer 'num_nodes' from the attribute set '{'edge_index', 'edge_attr'}'. Please explicitly set 'num_nodes' as an attribute of 'data' to suppress this warning
  " to suppress this warning")
epoch 1, epochs left 3
year: 2016, month: 1
434
saving model
year: 2016, month: 2
460
saving model
year: 2016, month: 3
538
saving model
year: 2016, month: 4
542
saving model
year: 2016, month: 5
541
saving model
year: 2016, month: 6
573
saving model
year: 2016, month: 7
521
saving model
year: 2016, month: 8
555
saving model
year: 2016, month: 9
575
saving model
year: 2016, month: 10
536
saving model
year: 2016, month: 11
554
saving model
year: 2016, month: 12
576
saving model
saving model
epoch 2, epochs left 2
year: 2016, month: 1
434
saving model
year: 2016, month: 2
460
saving model
year: 2016, month: 3
538
saving model
year: 2016, month: 4
542
saving model
year: 2016, month: 5
541
saving model
year: 2016, month: 6
573
saving model
year: 2016, month: 7
521
saving model
year: 2016, month: 8
555
saving model
year: 2016, month: 9
575
saving model
year: 2016, month: 10
536
saving model
year: 2016, month: 11
554
saving model
year: 2016, month: 12
